============================= test session starts ==============================
platform linux -- Python 3.11.16, pytest-9.1.1, pluggy-1.6.0 -- /usr/local/bin/python3.11
cachedir: .pytest_cache
rootdir: /app
plugins: anyio-4.14.2
collecting ... collected 8 items

tests/test_pass2_step2c_main.py::test_step2c_returns_true_when_abc_is_already_covered FAILED [ 12%]
tests/test_pass2_step2c_main.py::test_step2c_can_fill_one_missing_shift FAILED [ 25%]
tests/test_pass2_step2c_main.py::test_step2c_can_fill_multiple_missing_shifts FAILED [ 37%]
tests/test_pass2_step2c_main.py::test_step2c_recalculates_missing_shifts_after_each_commit FAILED [ 50%]
tests/test_pass2_step2c_main.py::test_step2c_does_not_reuse_relaxed_requirement FAILED [ 62%]
tests/test_pass2_step2c_main.py::test_step2c_returns_false_when_no_valid_candidate_exists FAILED [ 75%]
tests/test_pass2_step2c_main.py::test_step2c_does_not_modify_roster_when_no_candidate_exists FAILED [ 87%]
tests/test_pass2_step2c_main.py::test_step2c_only_relaxes_active_requirements PASSED [100%]

=================================== FAILURES ===================================
_____________ test_step2c_returns_true_when_abc_is_already_covered _____________

    def test_step2c_returns_true_when_abc_is_already_covered():
    
        requirements = {
            "E001": MemberRequirement(
                employee_id="E001",
                requirements={
                    **empty_requirements(),
                    "A": [2],
                },
            ),
            "E002": MemberRequirement(
                employee_id="E002",
                requirements={
                    **empty_requirements(),
                    "B": [2],
                },
            ),
            "E003": MemberRequirement(
                employee_id="E003",
                requirements={
                    **empty_requirements(),
                    "C": [2],
                },
            ),
        }
    
        scheduler = RosterScheduler(
            create_context(requirements)
        )
    
        scheduler.roster["E001"][2] = "A"
        scheduler.roster["E002"][2] = "B"
        scheduler.roster["E003"][2] = "C"
    
>       result = scheduler._run_pass_2_step_2c(2)
                 ^^^^^^^^^^^^^^^^^^^^^^^^^^^^^
E       AttributeError: 'RosterScheduler' object has no attribute '_run_pass_2_step_2c'

tests/test_pass2_step2c_main.py:70: AttributeError
____________________ test_step2c_can_fill_one_missing_shift ____________________

    def test_step2c_can_fill_one_missing_shift():
    
        requirements = {
            "E001": MemberRequirement(
                employee_id="E001",
                requirements={
                    **empty_requirements(),
                    "A": [2],
                },
            ),
            "E002": MemberRequirement(
                employee_id="E002",
                requirements={
                    **empty_requirements(),
                    "B": [2],
                },
            ),
            "E003": MemberRequirement(
                employee_id="E003",
                requirements={
                    **empty_requirements(),
                    "W": [2],
                },
            ),
        }
    
        scheduler = RosterScheduler(
            create_context(requirements)
        )
    
        scheduler.roster["E001"][2] = "A"
        scheduler.roster["E002"][2] = "B"
        scheduler.roster["E003"][2] = "W"
    
>       result = scheduler._run_pass_2_step_2c(2)
                 ^^^^^^^^^^^^^^^^^^^^^^^^^^^^^
E       AttributeError: 'RosterScheduler' object has no attribute '_run_pass_2_step_2c'

tests/test_pass2_step2c_main.py:115: AttributeError
_________________ test_step2c_can_fill_multiple_missing_shifts _________________

    def test_step2c_can_fill_multiple_missing_shifts():
    
        requirements = {
            "E001": MemberRequirement(
                employee_id="E001",
                requirements={
                    **empty_requirements(),
                    "A": [2],
                },
            ),
            "E002": MemberRequirement(
                employee_id="E002",
                requirements={
                    **empty_requirements(),
                    "W": [2],
                },
            ),
            "E003": MemberRequirement(
                employee_id="E003",
                requirements={
                    **empty_requirements(),
                    "H": [2],
                },
            ),
        }
    
        scheduler = RosterScheduler(
            create_context(requirements)
        )
    
        scheduler.roster["E001"][2] = "A"
        scheduler.roster["E002"][2] = "W"
        scheduler.roster["E003"][2] = "H"
    
>       result = scheduler._run_pass_2_step_2c(2)
                 ^^^^^^^^^^^^^^^^^^^^^^^^^^^^^
E       AttributeError: 'RosterScheduler' object has no attribute '_run_pass_2_step_2c'

tests/test_pass2_step2c_main.py:168: AttributeError
__________ test_step2c_recalculates_missing_shifts_after_each_commit ___________

    def test_step2c_recalculates_missing_shifts_after_each_commit():
    
        requirements = {
            "E001": MemberRequirement(
                employee_id="E001",
                requirements={
                    **empty_requirements(),
                    "A": [2],
                },
            ),
            "E002": MemberRequirement(
                employee_id="E002",
                requirements={
                    **empty_requirements(),
                    "W": [2],
                },
            ),
            "E003": MemberRequirement(
                employee_id="E003",
                requirements={
                    **empty_requirements(),
                    "H": [2],
                },
            ),
        }
    
        scheduler = RosterScheduler(
            create_context(requirements)
        )
    
        scheduler.roster["E001"][2] = "A"
        scheduler.roster["E002"][2] = "W"
        scheduler.roster["E003"][2] = "H"
    
>       result = scheduler._run_pass_2_step_2c(2)
                 ^^^^^^^^^^^^^^^^^^^^^^^^^^^^^
E       AttributeError: 'RosterScheduler' object has no attribute '_run_pass_2_step_2c'

tests/test_pass2_step2c_main.py:215: AttributeError
________________ test_step2c_does_not_reuse_relaxed_requirement ________________

    def test_step2c_does_not_reuse_relaxed_requirement():
    
        requirements = {
            "E001": MemberRequirement(
                employee_id="E001",
                requirements={
                    **empty_requirements(),
                    "W": [2],
                },
            ),
            "E002": MemberRequirement(
                employee_id="E002",
                requirements={
                    **empty_requirements(),
                    "A": [2],
                },
            ),
            "E003": MemberRequirement(
                employee_id="E003",
                requirements={
                    **empty_requirements(),
                    "B": [2],
                },
            ),
        }
    
        scheduler = RosterScheduler(
            create_context(requirements)
        )
    
        scheduler.roster["E001"][2] = "W"
        scheduler.roster["E002"][2] = "A"
        scheduler.roster["E003"][2] = "B"
    
>       result = scheduler._run_pass_2_step_2c(2)
                 ^^^^^^^^^^^^^^^^^^^^^^^^^^^^^
E       AttributeError: 'RosterScheduler' object has no attribute '_run_pass_2_step_2c'

tests/test_pass2_step2c_main.py:260: AttributeError
___________ test_step2c_returns_false_when_no_valid_candidate_exists ___________

    def test_step2c_returns_false_when_no_valid_candidate_exists():
    
        requirements = {
            "E001": MemberRequirement(
                employee_id="E001",
                requirements={
                    **empty_requirements(),
                    "A": [2],
                },
            ),
            "E002": MemberRequirement(
                employee_id="E002",
                requirements={
                    **empty_requirements(),
                    "B": [2],
                },
            ),
        }
    
        scheduler = RosterScheduler(
            create_context(requirements)
        )
    
        scheduler.roster["E001"][2] = "A"
        scheduler.roster["E002"][2] = "B"
    
>       result = scheduler._run_pass_2_step_2c(2)
                 ^^^^^^^^^^^^^^^^^^^^^^^^^^^^^
E       AttributeError: 'RosterScheduler' object has no attribute '_run_pass_2_step_2c'

tests/test_pass2_step2c_main.py:306: AttributeError
_________ test_step2c_does_not_modify_roster_when_no_candidate_exists __________

    def test_step2c_does_not_modify_roster_when_no_candidate_exists():
    
        requirements = {
            "E001": MemberRequirement(
                employee_id="E001",
                requirements={
                    **empty_requirements(),
                    "A": [2],
                },
            ),
            "E002": MemberRequirement(
                employee_id="E002",
                requirements={
                    **empty_requirements(),
                    "B": [2],
                },
            ),
        }
    
        scheduler = RosterScheduler(
            create_context(requirements)
        )
    
        scheduler.roster["E001"][2] = "A"
        scheduler.roster["E002"][2] = "B"
    
        original_roster = {
            employee_id: dict(assignments)
            for employee_id, assignments
            in scheduler.roster.items()
        }
    
>       result = scheduler._run_pass_2_step_2c(2)
                 ^^^^^^^^^^^^^^^^^^^^^^^^^^^^^
E       AttributeError: 'RosterScheduler' object has no attribute '_run_pass_2_step_2c'

tests/test_pass2_step2c_main.py:347: AttributeError
=========================== short test summary info ============================
FAILED tests/test_pass2_step2c_main.py::test_step2c_returns_true_when_abc_is_already_covered
FAILED tests/test_pass2_step2c_main.py::test_step2c_can_fill_one_missing_shift
FAILED tests/test_pass2_step2c_main.py::test_step2c_can_fill_multiple_missing_shifts
FAILED tests/test_pass2_step2c_main.py::test_step2c_recalculates_missing_shifts_after_each_commit
FAILED tests/test_pass2_step2c_main.py::test_step2c_does_not_reuse_relaxed_requirement
FAILED tests/test_pass2_step2c_main.py::test_step2c_returns_false_when_no_valid_candidate_exists
FAILED tests/test_pass2_step2c_main.py::test_step2c_does_not_modify_roster_when_no_candidate_exists
========================= 7 failed, 1 passed in 0.05s ==========================
